Arguments: 
  C:\Program Files\nodejs\node.exe C:\Users\dmaci\AppData\Roaming\npm\node_modules\yarn\bin\yarn.js add electron-builder --global

PATH: 
  C:\Program Files\Git\mingw64\bin;C:\Program Files\Git\usr\bin;C:\Users\dmaci\bin;C:\Program Files (x86)\Common Files\Oracle\Java\javapath;C:\WINDOWS\system32;C:\WINDOWS;C:\WINDOWS\System32\Wbem;C:\WINDOWS\System32\WindowsPowerShell\v1.0;C:\WINDOWS\System32\OpenSSH;C:\Program Files\Git\cmd;C:\Program Files (x86)\Pulse Secure\VC142.CRT\X64;C:\Program Files (x86)\Pulse Secure\VC142.CRT\X86;C:\Program Files\PuTTY;C:\Program Files\nodejs;C:\Users\dmaci\AppData\Local\Programs\Python\Python310\Scripts;C:\Users\dmaci\AppData\Local\Programs\Python\Python310;C:\Users\dmaci\AppData\Local\Microsoft\WindowsApps;C:\Users\dmaci\AppData\Local\Programs\Microsoft VS Code\bin;C:\Users\dmaci\AppData\Local\Programs\mongosh;C:\Users\dmaci\AppData\Roaming\npm

Yarn version: 
  1.22.19

Node version: 
  16.17.0

Platform: 
  win32 x64

Trace: 
  Error: 38208:error:1408F119:SSL routines:ssl3_get_record:decryption failed or bad record mac:c:\ws\deps\openssl\openssl\ssl\record\ssl3_record.c:677:

npm manifest: 
  {
    "name": "master-electron",
    "version": "1.0.0",
    "description": "Master Electron Course Code",
    "main": "main.js",
    "scripts": {
      "start": "electron .",
      "watch": "nodemon --exec electron .",
      "reset": "git reset --hard"
    },
    "repository": "https://github.com/stackacademytv/master-electron",
    "keywords": [
      "Electron",
      "Master Electron",
      "demo"
    ],
    "author": "GitHub, Stackacademytv",
    "license": "CC0-1.0",
    "devDependencies": {
      "electron": "^9.0.0",
      "nodemon": "^2.0.0"
    },
    "dependencies": {
      "electron-window-state": "^5.0.3"
    }
  }

yarn manifest: 
  No manifest

Lockfile: 
  No lockfile
